0 info it worked if it ends with ok
1 verbose cli [ 'C:\\Develop\\nodejs\\node.exe',
1 verbose cli   'C:\\Develop\\nodejs\\node_modules\\npm\\bin\\npm-cli.js',
1 verbose cli   'install',
1 verbose cli   'angular-route' ]
2 info using npm@3.6.0
3 info using node@v5.7.0
4 silly loadCurrentTree Starting
5 silly install loadCurrentTree
6 silly install readLocalPackageData
7 silly fetchPackageMetaData angular-route@^1.5.9
8 silly fetchNamedPackageData angular-route
9 silly mapToRegistry name angular-route
10 silly mapToRegistry using default registry
11 silly mapToRegistry registry https://registry.npmjs.org/
12 silly mapToRegistry uri https://registry.npmjs.org/angular-route
13 verbose request uri https://registry.npmjs.org/angular-route
14 verbose request no auth needed
15 info attempt registry request try #1 at 16:59:33
16 verbose request id 104573ecf3aa58ba
17 http request GET https://registry.npmjs.org/angular-route
18 info retry will retry, error on last attempt: Error: connect ETIMEDOUT 151.101.16.162:443
19 info attempt registry request try #2 at 17:00:04
20 http request GET https://registry.npmjs.org/angular-route
21 info retry will retry, error on last attempt: Error: connect ETIMEDOUT 151.101.16.162:443
22 info attempt registry request try #3 at 17:01:25
23 http request GET https://registry.npmjs.org/angular-route
24 silly fetchPackageMetaData Error: connect ETIMEDOUT 151.101.16.162:443
24 silly fetchPackageMetaData     at Object.exports._errnoException (util.js:856:11)
24 silly fetchPackageMetaData     at exports._exceptionWithHostPort (util.js:879:20)
24 silly fetchPackageMetaData     at TCPConnectWrap.afterConnect [as oncomplete] (net.js:1057:14)
24 silly fetchPackageMetaData  error for angular-route@^1.5.9 { [Error: connect ETIMEDOUT 151.101.16.162:443]
24 silly fetchPackageMetaData   code: 'ETIMEDOUT',
24 silly fetchPackageMetaData   errno: 'ETIMEDOUT',
24 silly fetchPackageMetaData   syscall: 'connect',
24 silly fetchPackageMetaData   address: '151.101.16.162',
24 silly fetchPackageMetaData   port: 443 }
25 silly rollbackFailedOptional Starting
26 silly rollbackFailedOptional Finishing
27 silly runTopLevelLifecycles Starting
28 silly runTopLevelLifecycles Finishing
29 silly install printInstalled
30 verbose stack Error: connect ETIMEDOUT 151.101.16.162:443
30 verbose stack     at Object.exports._errnoException (util.js:856:11)
30 verbose stack     at exports._exceptionWithHostPort (util.js:879:20)
30 verbose stack     at TCPConnectWrap.afterConnect [as oncomplete] (net.js:1057:14)
31 verbose cwd F:\就业班\课程\流行框架第3天\todomvc-app
32 error Windows_NT 6.1.7601
33 error argv "C:\\Develop\\nodejs\\node.exe" "C:\\Develop\\nodejs\\node_modules\\npm\\bin\\npm-cli.js" "install" "angular-route"
34 error node v5.7.0
35 error npm  v3.6.0
36 error code ETIMEDOUT
37 error errno ETIMEDOUT
38 error syscall connect
39 error network connect ETIMEDOUT 151.101.16.162:443
40 error network This is most likely not a problem with npm itself
40 error network and is related to network connectivity.
40 error network In most cases you are behind a proxy or have bad network settings.
40 error network
40 error network If you are behind a proxy, please make sure that the
40 error network 'proxy' config is set properly.  See: 'npm help config'
41 verbose exit [ 1, true ]
